<?xml version="1.0" encoding="UTF-8"?>
<testsuite xmlns:xsi="http://www.w3.org/2001/XMLSchema-instance" xsi:noNamespaceSchemaLocation="https://maven.apache.org/surefire/maven-surefire-plugin/xsd/surefire-test-report-3.0.xsd" version="3.0" name="com.example.m3u8.M3u8ApplicationTests" time="2.417" tests="1" errors="0" skipped="0" failures="0">
  <properties>
    <property name="java.specification.version" value="17"/>
    <property name="sun.cpu.isalist" value="amd64"/>
    <property name="sun.jnu.encoding" value="GBK"/>
    <property name="java.class.path" value="D:\BaiduNetdiskDownload\1 瑞吉外卖项目\代码\day01\m3u8\target\test-classes;D:\BaiduNetdiskDownload\1 瑞吉外卖项目\代码\day01\m3u8\target\classes;C:\Users\zlzmm\.m2\repository\org\springframework\boot\spring-boot-starter-web\2.6.13\spring-boot-starter-web-2.6.13.jar;C:\Users\zlzmm\.m2\repository\org\springframework\boot\spring-boot-starter\2.6.13\spring-boot-starter-2.6.13.jar;C:\Users\zlzmm\.m2\repository\org\springframework\boot\spring-boot\2.6.13\spring-boot-2.6.13.jar;C:\Users\zlzmm\.m2\repository\org\springframework\boot\spring-boot-autoconfigure\2.6.13\spring-boot-autoconfigure-2.6.13.jar;C:\Users\zlzmm\.m2\repository\org\springframework\boot\spring-boot-starter-logging\2.6.13\spring-boot-starter-logging-2.6.13.jar;C:\Users\zlzmm\.m2\repository\ch\qos\logback\logback-classic\1.2.11\logback-classic-1.2.11.jar;C:\Users\zlzmm\.m2\repository\ch\qos\logback\logback-core\1.2.11\logback-core-1.2.11.jar;C:\Users\zlzmm\.m2\repository\org\apache\logging\log4j\log4j-to-slf4j\2.17.2\log4j-to-slf4j-2.17.2.jar;C:\Users\zlzmm\.m2\repository\org\apache\logging\log4j\log4j-api\2.17.2\log4j-api-2.17.2.jar;C:\Users\zlzmm\.m2\repository\org\slf4j\jul-to-slf4j\1.7.36\jul-to-slf4j-1.7.36.jar;C:\Users\zlzmm\.m2\repository\jakarta\annotation\jakarta.annotation-api\1.3.5\jakarta.annotation-api-1.3.5.jar;C:\Users\zlzmm\.m2\repository\org\yaml\snakeyaml\1.29\snakeyaml-1.29.jar;C:\Users\zlzmm\.m2\repository\org\springframework\boot\spring-boot-starter-json\2.6.13\spring-boot-starter-json-2.6.13.jar;C:\Users\zlzmm\.m2\repository\com\fasterxml\jackson\core\jackson-databind\2.13.4.2\jackson-databind-2.13.4.2.jar;C:\Users\zlzmm\.m2\repository\com\fasterxml\jackson\core\jackson-annotations\2.13.4\jackson-annotations-2.13.4.jar;C:\Users\zlzmm\.m2\repository\com\fasterxml\jackson\core\jackson-core\2.13.4\jackson-core-2.13.4.jar;C:\Users\zlzmm\.m2\repository\com\fasterxml\jackson\datatype\jackson-datatype-jdk8\2.13.4\jackson-datatype-jdk8-2.13.4.jar;C:\Users\zlzmm\.m2\repository\com\fasterxml\jackson\datatype\jackson-datatype-jsr310\2.13.4\jackson-datatype-jsr310-2.13.4.jar;C:\Users\zlzmm\.m2\repository\com\fasterxml\jackson\module\jackson-module-parameter-names\2.13.4\jackson-module-parameter-names-2.13.4.jar;C:\Users\zlzmm\.m2\repository\org\springframework\boot\spring-boot-starter-tomcat\2.6.13\spring-boot-starter-tomcat-2.6.13.jar;C:\Users\zlzmm\.m2\repository\org\apache\tomcat\embed\tomcat-embed-core\9.0.68\tomcat-embed-core-9.0.68.jar;C:\Users\zlzmm\.m2\repository\org\apache\tomcat\embed\tomcat-embed-el\9.0.68\tomcat-embed-el-9.0.68.jar;C:\Users\zlzmm\.m2\repository\org\apache\tomcat\embed\tomcat-embed-websocket\9.0.68\tomcat-embed-websocket-9.0.68.jar;C:\Users\zlzmm\.m2\repository\org\springframework\spring-web\5.3.23\spring-web-5.3.23.jar;C:\Users\zlzmm\.m2\repository\org\springframework\spring-beans\5.3.23\spring-beans-5.3.23.jar;C:\Users\zlzmm\.m2\repository\org\springframework\spring-webmvc\5.3.23\spring-webmvc-5.3.23.jar;C:\Users\zlzmm\.m2\repository\org\springframework\spring-aop\5.3.23\spring-aop-5.3.23.jar;C:\Users\zlzmm\.m2\repository\org\springframework\spring-context\5.3.23\spring-context-5.3.23.jar;C:\Users\zlzmm\.m2\repository\org\springframework\spring-expression\5.3.23\spring-expression-5.3.23.jar;C:\Users\zlzmm\.m2\repository\org\springframework\boot\spring-boot-starter-test\2.6.13\spring-boot-starter-test-2.6.13.jar;C:\Users\zlzmm\.m2\repository\org\springframework\boot\spring-boot-test\2.6.13\spring-boot-test-2.6.13.jar;C:\Users\zlzmm\.m2\repository\org\springframework\boot\spring-boot-test-autoconfigure\2.6.13\spring-boot-test-autoconfigure-2.6.13.jar;C:\Users\zlzmm\.m2\repository\com\jayway\jsonpath\json-path\2.6.0\json-path-2.6.0.jar;C:\Users\zlzmm\.m2\repository\net\minidev\json-smart\2.4.8\json-smart-2.4.8.jar;C:\Users\zlzmm\.m2\repository\net\minidev\accessors-smart\2.4.8\accessors-smart-2.4.8.jar;C:\Users\zlzmm\.m2\repository\org\ow2\asm\asm\9.1\asm-9.1.jar;C:\Users\zlzmm\.m2\repository\org\slf4j\slf4j-api\1.7.36\slf4j-api-1.7.36.jar;C:\Users\zlzmm\.m2\repository\jakarta\xml\bind\jakarta.xml.bind-api\2.3.3\jakarta.xml.bind-api-2.3.3.jar;C:\Users\zlzmm\.m2\repository\jakarta\activation\jakarta.activation-api\1.2.2\jakarta.activation-api-1.2.2.jar;C:\Users\zlzmm\.m2\repository\org\assertj\assertj-core\3.21.0\assertj-core-3.21.0.jar;C:\Users\zlzmm\.m2\repository\org\hamcrest\hamcrest\2.2\hamcrest-2.2.jar;C:\Users\zlzmm\.m2\repository\org\junit\jupiter\junit-jupiter\5.8.2\junit-jupiter-5.8.2.jar;C:\Users\zlzmm\.m2\repository\org\junit\jupiter\junit-jupiter-api\5.8.2\junit-jupiter-api-5.8.2.jar;C:\Users\zlzmm\.m2\repository\org\opentest4j\opentest4j\1.2.0\opentest4j-1.2.0.jar;C:\Users\zlzmm\.m2\repository\org\junit\platform\junit-platform-commons\1.8.2\junit-platform-commons-1.8.2.jar;C:\Users\zlzmm\.m2\repository\org\apiguardian\apiguardian-api\1.1.2\apiguardian-api-1.1.2.jar;C:\Users\zlzmm\.m2\repository\org\junit\jupiter\junit-jupiter-params\5.8.2\junit-jupiter-params-5.8.2.jar;C:\Users\zlzmm\.m2\repository\org\junit\jupiter\junit-jupiter-engine\5.8.2\junit-jupiter-engine-5.8.2.jar;C:\Users\zlzmm\.m2\repository\org\junit\platform\junit-platform-engine\1.8.2\junit-platform-engine-1.8.2.jar;C:\Users\zlzmm\.m2\repository\org\mockito\mockito-core\4.0.0\mockito-core-4.0.0.jar;C:\Users\zlzmm\.m2\repository\net\bytebuddy\byte-buddy\1.11.22\byte-buddy-1.11.22.jar;C:\Users\zlzmm\.m2\repository\net\bytebuddy\byte-buddy-agent\1.11.22\byte-buddy-agent-1.11.22.jar;C:\Users\zlzmm\.m2\repository\org\objenesis\objenesis\3.2\objenesis-3.2.jar;C:\Users\zlzmm\.m2\repository\org\mockito\mockito-junit-jupiter\4.0.0\mockito-junit-jupiter-4.0.0.jar;C:\Users\zlzmm\.m2\repository\org\skyscreamer\jsonassert\1.5.1\jsonassert-1.5.1.jar;C:\Users\zlzmm\.m2\repository\com\vaadin\external\google\android-json\0.0.20131108.vaadin1\android-json-0.0.20131108.vaadin1.jar;C:\Users\zlzmm\.m2\repository\org\springframework\spring-core\5.3.23\spring-core-5.3.23.jar;C:\Users\zlzmm\.m2\repository\org\springframework\spring-jcl\5.3.23\spring-jcl-5.3.23.jar;C:\Users\zlzmm\.m2\repository\org\springframework\spring-test\5.3.23\spring-test-5.3.23.jar;C:\Users\zlzmm\.m2\repository\org\xmlunit\xmlunit-core\2.8.4\xmlunit-core-2.8.4.jar;C:\Users\zlzmm\.m2\repository\org\projectlombok\lombok\1.18.20\lombok-1.18.20.jar;"/>
    <property name="java.vm.vendor" value="Amazon.com Inc."/>
    <property name="sun.arch.data.model" value="64"/>
    <property name="user.variant" value=""/>
    <property name="java.vendor.url" value="https://aws.amazon.com/corretto/"/>
    <property name="user.timezone" value="Asia/Shanghai"/>
    <property name="os.name" value="Windows 10"/>
    <property name="java.vm.specification.version" value="17"/>
    <property name="sun.java.launcher" value="SUN_STANDARD"/>
    <property name="user.country" value="CN"/>
    <property name="sun.boot.library.path" value="C:\Users\zlzmm\.jdks\corretto-17.0.11\bin"/>
    <property name="sun.java.command" value="C:\Users\zlzmm\AppData\Local\Temp\surefire4402829781497337538\surefirebooter-20240426155227013_3.jar C:\Users\zlzmm\AppData\Local\Temp\surefire4402829781497337538 2024-04-26T15-52-26_851-jvmRun1 surefire-20240426155227013_1tmp surefire_0-20240426155227013_2tmp"/>
    <property name="jdk.debug" value="release"/>
    <property name="surefire.test.class.path" value="D:\BaiduNetdiskDownload\1 瑞吉外卖项目\代码\day01\m3u8\target\test-classes;D:\BaiduNetdiskDownload\1 瑞吉外卖项目\代码\day01\m3u8\target\classes;C:\Users\zlzmm\.m2\repository\org\springframework\boot\spring-boot-starter-web\2.6.13\spring-boot-starter-web-2.6.13.jar;C:\Users\zlzmm\.m2\repository\org\springframework\boot\spring-boot-starter\2.6.13\spring-boot-starter-2.6.13.jar;C:\Users\zlzmm\.m2\repository\org\springframework\boot\spring-boot\2.6.13\spring-boot-2.6.13.jar;C:\Users\zlzmm\.m2\repository\org\springframework\boot\spring-boot-autoconfigure\2.6.13\spring-boot-autoconfigure-2.6.13.jar;C:\Users\zlzmm\.m2\repository\org\springframework\boot\spring-boot-starter-logging\2.6.13\spring-boot-starter-logging-2.6.13.jar;C:\Users\zlzmm\.m2\repository\ch\qos\logback\logback-classic\1.2.11\logback-classic-1.2.11.jar;C:\Users\zlzmm\.m2\repository\ch\qos\logback\logback-core\1.2.11\logback-core-1.2.11.jar;C:\Users\zlzmm\.m2\repository\org\apache\logging\log4j\log4j-to-slf4j\2.17.2\log4j-to-slf4j-2.17.2.jar;C:\Users\zlzmm\.m2\repository\org\apache\logging\log4j\log4j-api\2.17.2\log4j-api-2.17.2.jar;C:\Users\zlzmm\.m2\repository\org\slf4j\jul-to-slf4j\1.7.36\jul-to-slf4j-1.7.36.jar;C:\Users\zlzmm\.m2\repository\jakarta\annotation\jakarta.annotation-api\1.3.5\jakarta.annotation-api-1.3.5.jar;C:\Users\zlzmm\.m2\repository\org\yaml\snakeyaml\1.29\snakeyaml-1.29.jar;C:\Users\zlzmm\.m2\repository\org\springframework\boot\spring-boot-starter-json\2.6.13\spring-boot-starter-json-2.6.13.jar;C:\Users\zlzmm\.m2\repository\com\fasterxml\jackson\core\jackson-databind\2.13.4.2\jackson-databind-2.13.4.2.jar;C:\Users\zlzmm\.m2\repository\com\fasterxml\jackson\core\jackson-annotations\2.13.4\jackson-annotations-2.13.4.jar;C:\Users\zlzmm\.m2\repository\com\fasterxml\jackson\core\jackson-core\2.13.4\jackson-core-2.13.4.jar;C:\Users\zlzmm\.m2\repository\com\fasterxml\jackson\datatype\jackson-datatype-jdk8\2.13.4\jackson-datatype-jdk8-2.13.4.jar;C:\Users\zlzmm\.m2\repository\com\fasterxml\jackson\datatype\jackson-datatype-jsr310\2.13.4\jackson-datatype-jsr310-2.13.4.jar;C:\Users\zlzmm\.m2\repository\com\fasterxml\jackson\module\jackson-module-parameter-names\2.13.4\jackson-module-parameter-names-2.13.4.jar;C:\Users\zlzmm\.m2\repository\org\springframework\boot\spring-boot-starter-tomcat\2.6.13\spring-boot-starter-tomcat-2.6.13.jar;C:\Users\zlzmm\.m2\repository\org\apache\tomcat\embed\tomcat-embed-core\9.0.68\tomcat-embed-core-9.0.68.jar;C:\Users\zlzmm\.m2\repository\org\apache\tomcat\embed\tomcat-embed-el\9.0.68\tomcat-embed-el-9.0.68.jar;C:\Users\zlzmm\.m2\repository\org\apache\tomcat\embed\tomcat-embed-websocket\9.0.68\tomcat-embed-websocket-9.0.68.jar;C:\Users\zlzmm\.m2\repository\org\springframework\spring-web\5.3.23\spring-web-5.3.23.jar;C:\Users\zlzmm\.m2\repository\org\springframework\spring-beans\5.3.23\spring-beans-5.3.23.jar;C:\Users\zlzmm\.m2\repository\org\springframework\spring-webmvc\5.3.23\spring-webmvc-5.3.23.jar;C:\Users\zlzmm\.m2\repository\org\springframework\spring-aop\5.3.23\spring-aop-5.3.23.jar;C:\Users\zlzmm\.m2\repository\org\springframework\spring-context\5.3.23\spring-context-5.3.23.jar;C:\Users\zlzmm\.m2\repository\org\springframework\spring-expression\5.3.23\spring-expression-5.3.23.jar;C:\Users\zlzmm\.m2\repository\org\springframework\boot\spring-boot-starter-test\2.6.13\spring-boot-starter-test-2.6.13.jar;C:\Users\zlzmm\.m2\repository\org\springframework\boot\spring-boot-test\2.6.13\spring-boot-test-2.6.13.jar;C:\Users\zlzmm\.m2\repository\org\springframework\boot\spring-boot-test-autoconfigure\2.6.13\spring-boot-test-autoconfigure-2.6.13.jar;C:\Users\zlzmm\.m2\repository\com\jayway\jsonpath\json-path\2.6.0\json-path-2.6.0.jar;C:\Users\zlzmm\.m2\repository\net\minidev\json-smart\2.4.8\json-smart-2.4.8.jar;C:\Users\zlzmm\.m2\repository\net\minidev\accessors-smart\2.4.8\accessors-smart-2.4.8.jar;C:\Users\zlzmm\.m2\repository\org\ow2\asm\asm\9.1\asm-9.1.jar;C:\Users\zlzmm\.m2\repository\org\slf4j\slf4j-api\1.7.36\slf4j-api-1.7.36.jar;C:\Users\zlzmm\.m2\repository\jakarta\xml\bind\jakarta.xml.bind-api\2.3.3\jakarta.xml.bind-api-2.3.3.jar;C:\Users\zlzmm\.m2\repository\jakarta\activation\jakarta.activation-api\1.2.2\jakarta.activation-api-1.2.2.jar;C:\Users\zlzmm\.m2\repository\org\assertj\assertj-core\3.21.0\assertj-core-3.21.0.jar;C:\Users\zlzmm\.m2\repository\org\hamcrest\hamcrest\2.2\hamcrest-2.2.jar;C:\Users\zlzmm\.m2\repository\org\junit\jupiter\junit-jupiter\5.8.2\junit-jupiter-5.8.2.jar;C:\Users\zlzmm\.m2\repository\org\junit\jupiter\junit-jupiter-api\5.8.2\junit-jupiter-api-5.8.2.jar;C:\Users\zlzmm\.m2\repository\org\opentest4j\opentest4j\1.2.0\opentest4j-1.2.0.jar;C:\Users\zlzmm\.m2\repository\org\junit\platform\junit-platform-commons\1.8.2\junit-platform-commons-1.8.2.jar;C:\Users\zlzmm\.m2\repository\org\apiguardian\apiguardian-api\1.1.2\apiguardian-api-1.1.2.jar;C:\Users\zlzmm\.m2\repository\org\junit\jupiter\junit-jupiter-params\5.8.2\junit-jupiter-params-5.8.2.jar;C:\Users\zlzmm\.m2\repository\org\junit\jupiter\junit-jupiter-engine\5.8.2\junit-jupiter-engine-5.8.2.jar;C:\Users\zlzmm\.m2\repository\org\junit\platform\junit-platform-engine\1.8.2\junit-platform-engine-1.8.2.jar;C:\Users\zlzmm\.m2\repository\org\mockito\mockito-core\4.0.0\mockito-core-4.0.0.jar;C:\Users\zlzmm\.m2\repository\net\bytebuddy\byte-buddy\1.11.22\byte-buddy-1.11.22.jar;C:\Users\zlzmm\.m2\repository\net\bytebuddy\byte-buddy-agent\1.11.22\byte-buddy-agent-1.11.22.jar;C:\Users\zlzmm\.m2\repository\org\objenesis\objenesis\3.2\objenesis-3.2.jar;C:\Users\zlzmm\.m2\repository\org\mockito\mockito-junit-jupiter\4.0.0\mockito-junit-jupiter-4.0.0.jar;C:\Users\zlzmm\.m2\repository\org\skyscreamer\jsonassert\1.5.1\jsonassert-1.5.1.jar;C:\Users\zlzmm\.m2\repository\com\vaadin\external\google\android-json\0.0.20131108.vaadin1\android-json-0.0.20131108.vaadin1.jar;C:\Users\zlzmm\.m2\repository\org\springframework\spring-core\5.3.23\spring-core-5.3.23.jar;C:\Users\zlzmm\.m2\repository\org\springframework\spring-jcl\5.3.23\spring-jcl-5.3.23.jar;C:\Users\zlzmm\.m2\repository\org\springframework\spring-test\5.3.23\spring-test-5.3.23.jar;C:\Users\zlzmm\.m2\repository\org\xmlunit\xmlunit-core\2.8.4\xmlunit-core-2.8.4.jar;C:\Users\zlzmm\.m2\repository\org\projectlombok\lombok\1.18.20\lombok-1.18.20.jar;"/>
    <property name="sun.cpu.endian" value="little"/>
    <property name="user.home" value="C:\Users\zlzmm"/>
    <property name="user.language" value="zh"/>
    <property name="java.specification.vendor" value="Oracle Corporation"/>
    <property name="java.version.date" value="2024-04-16"/>
    <property name="java.home" value="C:\Users\zlzmm\.jdks\corretto-17.0.11"/>
    <property name="file.separator" value="\"/>
    <property name="basedir" value="D:\BaiduNetdiskDownload\1 瑞吉外卖项目\代码\day01\m3u8"/>
    <property name="java.vm.compressedOopsMode" value="Zero based"/>
    <property name="line.separator" value="&#10;"/>
    <property name="java.vm.specification.vendor" value="Oracle Corporation"/>
    <property name="java.specification.name" value="Java Platform API Specification"/>
    <property name="FILE_LOG_CHARSET" value="GBK"/>
    <property name="java.awt.headless" value="true"/>
    <property name="surefire.real.class.path" value="C:\Users\zlzmm\AppData\Local\Temp\surefire4402829781497337538\surefirebooter-20240426155227013_3.jar"/>
    <property name="user.script" value=""/>
    <property name="sun.management.compiler" value="HotSpot 64-Bit Tiered Compilers"/>
    <property name="java.runtime.version" value="17.0.11+9-LTS"/>
    <property name="user.name" value="keren"/>
    <property name="path.separator" value=";"/>
    <property name="os.version" value="10.0"/>
    <property name="java.runtime.name" value="OpenJDK Runtime Environment"/>
    <property name="file.encoding" value="GBK"/>
    <property name="spring.beaninfo.ignore" value="true"/>
    <property name="java.vm.name" value="OpenJDK 64-Bit Server VM"/>
    <property name="java.vendor.version" value="Corretto-17.0.11.9.1"/>
    <property name="localRepository" value="C:\Users\zlzmm\.m2\repository"/>
    <property name="java.vendor.url.bug" value="https://github.com/corretto/corretto-17/issues/"/>
    <property name="java.io.tmpdir" value="C:\Users\zlzmm\AppData\Local\Temp\"/>
    <property name="idea.version" value="2023.3.6"/>
    <property name="java.version" value="17.0.11"/>
    <property name="user.dir" value="D:\BaiduNetdiskDownload\1 瑞吉外卖项目\代码\day01\m3u8"/>
    <property name="os.arch" value="amd64"/>
    <property name="java.vm.specification.name" value="Java Virtual Machine Specification"/>
    <property name="PID" value="7740"/>
    <property name="sun.os.patch.level" value=""/>
    <property name="CONSOLE_LOG_CHARSET" value="GBK"/>
    <property name="native.encoding" value="GBK"/>
    <property name="java.library.path" value="C:\Users\zlzmm\.jdks\corretto-17.0.11\bin;C:\Windows\Sun\Java\bin;C:\Windows\system32;C:\Windows;C:\Program Files (x86)\Common Files\Oracle\Java\javapath;C:\Windows\system32;C:\Windows;C:\Windows\System32\Wbem;C:\Windows\System32\WindowsPowerShell\v1.0\;C:\Windows\System32\OpenSSH\;C:\Program Files (x86)\Microsoft SQL Server\150\DTS\Binn\;C:\Program Files\Redis\;C:\Program Files\Microsoft SQL Server\130\Tools\Binn\;C:\Program Files\Git\cmd;C:\Program Files\Microsoft SQL Server\Client SDK\ODBC\170\Tools\Binn\;C:\Program Files (x86)\Microsoft SQL Server\150\Tools\Binn\;C:\Program Files\Microsoft SQL Server\150\Tools\Binn\;C:\Program Files\Microsoft SQL Server\150\DTS\Binn\;C:\Program Files\dotnet\;C:\Program Files (x86)\dotnet\;C:\Program Files (x86)\Tencent\微信web开发者工具\dll;D:\java\mysql\mysql-5.7.19-winx64\bin;C:\Program Files\TortoiseSVN\bin;D:\nodejs\;D:\Application\wechat\微信web开发者工具\dll;D:\anaonda;D:\anaonda\Scripts;D:\anaonda\Library\bin;D:\anaonda\Library\mingw-w64\bin;D:\anaonda\Library\usr\bin;C:\Users\zlzmm\Downloads\ffmpeg-master-latest-win64-gpl-shared\bin;C:\Users\zlzmm\AppData\Local\pnpm;C:\Users\zlzmm\AppData\Local\Microsoft\WindowsApps;C:\Users\zlzmm\.dotnet\tools;C:\Users\zlzmm\AppData\Local\Programs\Microsoft VS Code\bin;C:\Program Files\Java\jdk1.8.0_301\bin;C:\Users\zlzmm\AppData\Roaming\npm;C:\Program Files\JetBrains\IntelliJ IDEA 2023.3.6\bin;;D:\;D:\PyCharm 2024.1\bin;;."/>
    <property name="java.vm.info" value="mixed mode, sharing"/>
    <property name="java.vendor" value="Amazon.com Inc."/>
    <property name="java.vm.version" value="17.0.11+9-LTS"/>
    <property name="sun.io.unicode.encoding" value="UnicodeLittle"/>
    <property name="java.class.version" value="61.0"/>
  </properties>
  <testcase name="contextLoads" classname="com.example.m3u8.M3u8ApplicationTests" time="0.408">
    <system-out><![CDATA[15:52:27.622 [main] DEBUG org.springframework.test.context.BootstrapUtils - Instantiating CacheAwareContextLoaderDelegate from class [org.springframework.test.context.cache.DefaultCacheAwareContextLoaderDelegate]
15:52:27.630 [main] DEBUG org.springframework.test.context.BootstrapUtils - Instantiating BootstrapContext using constructor [public org.springframework.test.context.support.DefaultBootstrapContext(java.lang.Class,org.springframework.test.context.CacheAwareContextLoaderDelegate)]
15:52:27.655 [main] DEBUG org.springframework.test.context.BootstrapUtils - Instantiating TestContextBootstrapper for test class [com.example.m3u8.M3u8ApplicationTests] from class [org.springframework.boot.test.context.SpringBootTestContextBootstrapper]
15:52:27.664 [main] INFO org.springframework.boot.test.context.SpringBootTestContextBootstrapper - Neither @ContextConfiguration nor @ContextHierarchy found for test class [com.example.m3u8.M3u8ApplicationTests], using SpringBootContextLoader
15:52:27.667 [main] DEBUG org.springframework.test.context.support.AbstractContextLoader - Did not detect default resource location for test class [com.example.m3u8.M3u8ApplicationTests]: class path resource [com/example/m3u8/M3u8ApplicationTests-context.xml] does not exist
15:52:27.667 [main] DEBUG org.springframework.test.context.support.AbstractContextLoader - Did not detect default resource location for test class [com.example.m3u8.M3u8ApplicationTests]: class path resource [com/example/m3u8/M3u8ApplicationTestsContext.groovy] does not exist
15:52:27.667 [main] INFO org.springframework.test.context.support.AbstractContextLoader - Could not detect default resource locations for test class [com.example.m3u8.M3u8ApplicationTests]: no resource found for suffixes {-context.xml, Context.groovy}.
15:52:27.668 [main] INFO org.springframework.test.context.support.AnnotationConfigContextLoaderUtils - Could not detect default configuration classes for test class [com.example.m3u8.M3u8ApplicationTests]: M3u8ApplicationTests does not declare any static, non-private, non-final, nested classes annotated with @Configuration.
15:52:27.703 [main] DEBUG org.springframework.test.context.support.ActiveProfilesUtils - Could not find an 'annotation declaring class' for annotation type [org.springframework.test.context.ActiveProfiles] and class [com.example.m3u8.M3u8ApplicationTests]
15:52:27.762 [main] DEBUG org.springframework.context.annotation.ClassPathScanningCandidateComponentProvider - Identified candidate component class: file [D:\BaiduNetdiskDownload\1 瑞吉外卖项目\代码\day01\m3u8\target\classes\com\example\m3u8\M3u8Application.class]
15:52:27.763 [main] INFO org.springframework.boot.test.context.SpringBootTestContextBootstrapper - Found @SpringBootConfiguration com.example.m3u8.M3u8Application for test class com.example.m3u8.M3u8ApplicationTests
15:52:27.857 [main] DEBUG org.springframework.boot.test.context.SpringBootTestContextBootstrapper - @TestExecutionListeners is not present for class [com.example.m3u8.M3u8ApplicationTests]: using defaults.
15:52:27.858 [main] INFO org.springframework.boot.test.context.SpringBootTestContextBootstrapper - Loaded default TestExecutionListener class names from location [META-INF/spring.factories]: [org.springframework.boot.test.mock.mockito.MockitoTestExecutionListener, org.springframework.boot.test.mock.mockito.ResetMocksTestExecutionListener, org.springframework.boot.test.autoconfigure.restdocs.RestDocsTestExecutionListener, org.springframework.boot.test.autoconfigure.web.client.MockRestServiceServerResetTestExecutionListener, org.springframework.boot.test.autoconfigure.web.servlet.MockMvcPrintOnlyOnFailureTestExecutionListener, org.springframework.boot.test.autoconfigure.web.servlet.WebDriverTestExecutionListener, org.springframework.boot.test.autoconfigure.webservices.client.MockWebServiceServerTestExecutionListener, org.springframework.test.context.web.ServletTestExecutionListener, org.springframework.test.context.support.DirtiesContextBeforeModesTestExecutionListener, org.springframework.test.context.event.ApplicationEventsTestExecutionListener, org.springframework.test.context.support.DependencyInjectionTestExecutionListener, org.springframework.test.context.support.DirtiesContextTestExecutionListener, org.springframework.test.context.transaction.TransactionalTestExecutionListener, org.springframework.test.context.jdbc.SqlScriptsTestExecutionListener, org.springframework.test.context.event.EventPublishingTestExecutionListener]
15:52:27.872 [main] DEBUG org.springframework.boot.test.context.SpringBootTestContextBootstrapper - Skipping candidate TestExecutionListener [org.springframework.test.context.transaction.TransactionalTestExecutionListener] due to a missing dependency. Specify custom listener classes or make the default listener classes and their required dependencies available. Offending class: [org/springframework/transaction/interceptor/TransactionAttributeSource]
15:52:27.873 [main] DEBUG org.springframework.boot.test.context.SpringBootTestContextBootstrapper - Skipping candidate TestExecutionListener [org.springframework.test.context.jdbc.SqlScriptsTestExecutionListener] due to a missing dependency. Specify custom listener classes or make the default listener classes and their required dependencies available. Offending class: [org/springframework/transaction/interceptor/TransactionAttribute]
15:52:27.874 [main] INFO org.springframework.boot.test.context.SpringBootTestContextBootstrapper - Using TestExecutionListeners: [org.springframework.test.context.web.ServletTestExecutionListener@22f31dec, org.springframework.test.context.support.DirtiesContextBeforeModesTestExecutionListener@34c01041, org.springframework.test.context.event.ApplicationEventsTestExecutionListener@76f4b65, org.springframework.boot.test.mock.mockito.MockitoTestExecutionListener@c94fd30, org.springframework.boot.test.autoconfigure.SpringBootDependencyInjectionTestExecutionListener@36328d33, org.springframework.test.context.support.DirtiesContextTestExecutionListener@2c4d1ac, org.springframework.test.context.event.EventPublishingTestExecutionListener@7f0d96f2, org.springframework.boot.test.mock.mockito.ResetMocksTestExecutionListener@545b995e, org.springframework.boot.test.autoconfigure.restdocs.RestDocsTestExecutionListener@76a2ddf3, org.springframework.boot.test.autoconfigure.web.client.MockRestServiceServerResetTestExecutionListener@524f3b3a, org.springframework.boot.test.autoconfigure.web.servlet.MockMvcPrintOnlyOnFailureTestExecutionListener@41e68d87, org.springframework.boot.test.autoconfigure.web.servlet.WebDriverTestExecutionListener@49ff7d8c, org.springframework.boot.test.autoconfigure.webservices.client.MockWebServiceServerTestExecutionListener@29526c05]
15:52:27.878 [main] DEBUG org.springframework.test.context.support.AbstractDirtiesContextTestExecutionListener - Before test class: context [DefaultTestContext@2f62ea70 testClass = M3u8ApplicationTests, testInstance = [null], testMethod = [null], testException = [null], mergedContextConfiguration = [WebMergedContextConfiguration@24ba9639 testClass = M3u8ApplicationTests, locations = '{}', classes = '{class com.example.m3u8.M3u8Application}', contextInitializerClasses = '[]', activeProfiles = '{}', propertySourceLocations = '{}', propertySourceProperties = '{org.springframework.boot.test.context.SpringBootTestContextBootstrapper=true}', contextCustomizers = set[org.springframework.boot.test.context.filter.ExcludeFilterContextCustomizer@54e1c68b, org.springframework.boot.test.json.DuplicateJsonObjectContextCustomizerFactory$DuplicateJsonObjectContextCustomizer@273e7444, org.springframework.boot.test.mock.mockito.MockitoContextCustomizer@0, org.springframework.boot.test.web.client.TestRestTemplateContextCustomizer@52719fb6, org.springframework.boot.test.autoconfigure.actuate.metrics.MetricsExportContextCustomizerFactory$DisableMetricExportContextCustomizer@229c6181, org.springframework.boot.test.autoconfigure.properties.PropertyMappingContextCustomizer@0, org.springframework.boot.test.autoconfigure.web.servlet.WebDriverContextCustomizerFactory$Customizer@298a5e20, org.springframework.boot.test.context.SpringBootTestArgs@1, org.springframework.boot.test.context.SpringBootTestWebEnvironment@706a04ae], resourceBasePath = 'src/main/webapp', contextLoader = 'org.springframework.boot.test.context.SpringBootContextLoader', parent = [null]], attributes = map['org.springframework.test.context.web.ServletTestExecutionListener.activateListener' -> true]], class annotated with @DirtiesContext [false] with mode [null].

  .   ____          _            __ _ _
 /\\ / ___'_ __ _ _(_)_ __  __ _ \ \ \ \
( ( )\___ | '_ | '_| | '_ \/ _` | \ \ \ \
 \\/  ___)| |_)| | | | | || (_| |  ) ) ) )
  '  |____| .__|_| |_|_| |_\__, | / / / /
 =========|_|==============|___/=/_/_/_/
 :: Spring Boot ::               (v2.6.13)

2024-04-26 15:52:28.219  INFO 7740 --- [           main] com.example.m3u8.M3u8ApplicationTests    : Starting M3u8ApplicationTests using Java 17.0.11 on zlzmm-work with PID 7740 (started by keren in D:\BaiduNetdiskDownload\1 瑞吉外卖项目\代码\day01\m3u8)
2024-04-26 15:52:28.220  INFO 7740 --- [           main] com.example.m3u8.M3u8ApplicationTests    : No active profile set, falling back to 1 default profile: "default"
2024-04-26 15:52:29.412  INFO 7740 --- [           main] o.s.b.a.w.s.WelcomePageHandlerMapping    : Adding welcome page: class path resource [static/index.html]
2024-04-26 15:52:29.566  INFO 7740 --- [           main] com.example.m3u8.M3u8ApplicationTests    : Started M3u8ApplicationTests in 1.65 seconds (JVM running for 2.439)
]]></system-out>
  </testcase>
</testsuite>